<?xml version="1.0" encoding="UTF-8"?>
<!-- Generated by org.testng.reporters.JUnitXMLReporter -->
<testsuite ignored="3" hostname="DESKTOP-53T7V4N" failures="0" tests="2" name="pixel_4" time="78.836" errors="0" timestamp="2022-05-14T19:21:38 IST">
  <testcase classname="com.qa.tests.Scenario1" name="successfulLogin" time="31.019"/>
  <testcase classname="com.qa.tests.Scenario2" name="successfulLogin" time="37.467"/>
  <testcase classname="com.qa.BaseTest" name="@BeforeSuite setup" time="0.0">
    <ignored/>
  </testcase> <!-- @BeforeSuite setup -->
  <testcase classname="com.qa.BaseTest" name="@AfterSuite afterSuite" time="0.0">
    <ignored/>
  </testcase> <!-- @AfterSuite afterSuite -->
  <testcase classname="com.qa.BaseTest" name="@AfterSuite tearDown" time="0.0">
    <ignored/>
  </testcase> <!-- @AfterSuite tearDown -->
</testsuite> <!-- pixel_4 -->
