<?xml version="1.0" encoding="UTF-8"?>
<testng-results ignored="3" total="5" passed="2" failed="0" skipped="0">
  <reporter-output>
  </reporter-output>
  <suite started-at="2022-05-14T19:20:19 IST" name="Suite" finished-at="2022-05-14T19:21:38 IST" duration-ms="78836">
    <groups>
    </groups>
    <test started-at="2022-05-14T19:20:19 IST" name="pixel_4" finished-at="2022-05-14T19:21:38 IST" duration-ms="78836">
      <class name="com.qa.tests.Scenario1">
        <test-method is-config="true" signature="setup(java.lang.String,java.lang.String,java.lang.String)[pri:0, instance:com.qa.tests.Scenario1@2d901eb0]" started-at="2022-05-14T19:19:53 IST" name="setup" finished-at="2022-05-14T19:20:19 IST" duration-ms="25692" status="PASS">
          <params>
            <param index="0">
              <value>
                <![CDATA[Android]]>
              </value>
            </param>
            <param index="1">
              <value>
                <![CDATA[emulator-5556]]>
              </value>
            </param>
            <param index="2">
              <value>
                <![CDATA[pixel_4]]>
              </value>
            </param>
          </params>
          <reporter-output>
          </reporter-output>
        </test-method> <!-- setup -->
        <test-method is-config="true" signature="beforeClass()[pri:0, instance:com.qa.tests.Scenario1@2d901eb0]" started-at="2022-05-14T19:20:19 IST" name="beforeClass" finished-at="2022-05-14T19:20:24 IST" duration-ms="5016" status="PASS">
          <reporter-output>
          </reporter-output>
        </test-method> <!-- beforeClass -->
        <test-method signature="successfulLogin()[pri:0, instance:com.qa.tests.Scenario1@2d901eb0]" started-at="2022-05-14T19:20:24 IST" name="successfulLogin" finished-at="2022-05-14T19:20:55 IST" duration-ms="31019" status="PASS">
          <reporter-output>
          </reporter-output>
        </test-method> <!-- successfulLogin -->
        <test-method is-config="true" signature="afterSuite()[pri:0, instance:com.qa.tests.Scenario1@2d901eb0]" started-at="2022-05-14T19:21:38 IST" name="afterSuite" finished-at="2022-05-14T19:21:38 IST" duration-ms="1" status="PASS">
          <reporter-output>
          </reporter-output>
        </test-method> <!-- afterSuite -->
        <test-method is-config="true" signature="tearDown()[pri:0, instance:com.qa.tests.Scenario1@2d901eb0]" started-at="2022-05-14T19:21:38 IST" name="tearDown" finished-at="2022-05-14T19:21:38 IST" duration-ms="0" status="PASS">
          <reporter-output>
          </reporter-output>
        </test-method> <!-- tearDown -->
      </class> <!-- com.qa.tests.Scenario1 -->
      <class name="com.qa.tests.Scenario2">
        <test-method is-config="true" signature="beforeClass()[pri:0, instance:com.qa.tests.Scenario2@18271936]" started-at="2022-05-14T19:20:55 IST" name="beforeClass" finished-at="2022-05-14T19:21:00 IST" duration-ms="5270" status="PASS">
          <reporter-output>
          </reporter-output>
        </test-method> <!-- beforeClass -->
        <test-method signature="successfulLogin()[pri:0, instance:com.qa.tests.Scenario2@18271936]" started-at="2022-05-14T19:21:00 IST" name="successfulLogin" finished-at="2022-05-14T19:21:38 IST" duration-ms="37467" status="PASS">
          <reporter-output>
          </reporter-output>
        </test-method> <!-- successfulLogin -->
      </class> <!-- com.qa.tests.Scenario2 -->
    </test> <!-- pixel_4 -->
  </suite> <!-- Suite -->
</testng-results>
